LINE 1 -- CONSTRUCT:xxxx
LINE 2 -- CONSTRUCT:NULL

LINE 3 -- COPY:xxxx
LINE 4 -- MOVE:xxxx
LINE 5 -- MOVE ASSIGN:xxxx
LINE 6 -- DESTRUCT:NULL
LINE 7 -- DESTRUCT:nullptr

LINE 8 -- CONSTRUCT:yyyy1
LINE 9 -- MOVE ASSIGN:yyyy1
LINE 10 -- DESTRUCT:xxxx

LINE 11 -- COPY:xxxx
LINE 12 -- MOVE:xxxx
LINE 13 -- MOVE ASSIGN:xxxx
LINE 14 -- DESTRUCT:yyyy1
LINE 15 -- DESTRUCT:nullptr

LINE 16 -- CONSTRUCT:yyyy2
LINE 17 -- MOVE ASSIGN:yyyy2
LINE 18 -- DESTRUCT:xxxx

LINE 19 -- COPY:xxxx
LINE 20 -- MOVE ASSIGN:xxxx
LINE 21 -- DESTRUCT:yyyy2

LINE 22 -- COPY ASSIGN:xxxx

LINE 23 -- COPY ASSIGN:xxxx

LINE 24 -- MOVE ASSIGN:xxxx

LINE 25 -- DESTRUCT:xxxx
LINE 26 -- DESTRUCT:xxxx
